2024-12-10 22:18:58,634 DEBUG Horse: Создание Horse, имя [Bucephalus], скорость [2.4]
2024-12-10 22:18:58,640 DEBUG Horse: Создание Horse, имя [Ace of Spades], скорость [2.5]
2024-12-10 22:18:58,640 DEBUG Horse: Создание Horse, имя [Zephyr], скорость [2.6]
2024-12-10 22:18:58,640 DEBUG Horse: Создание Horse, имя [Blaze], скорость [2.7]
2024-12-10 22:18:58,641 DEBUG Horse: Создание Horse, имя [Lobster], скорость [2.8]
2024-12-10 22:18:58,641 DEBUG Horse: Создание Horse, имя [Pegasus], скорость [2.9]
2024-12-10 22:18:58,642 DEBUG Horse: Создание Horse, имя [Cherry], скорость [3.0]
2024-12-10 22:18:58,645 DEBUG Hippodrome: Создание Hippodrome, лошадей [7]
2024-12-10 22:18:58,645 INFO  Main: Начало скачек. Количество участников: 7
2024-12-10 22:19:19,281 INFO  Main: Окончание скачек. Победитель: Cherry
2024-12-10 22:37:29,796 DEBUG Horse: Создание Horse, имя [Bucephalus], скорость [2.4]
2024-12-10 22:37:29,800 DEBUG Horse: Создание Horse, имя [Ace of Spades], скорость [2.5]
2024-12-10 22:37:29,800 DEBUG Horse: Создание Horse, имя [Zephyr], скорость [2.6]
2024-12-10 22:37:29,800 DEBUG Horse: Создание Horse, имя [Blaze], скорость [2.7]
2024-12-10 22:37:29,800 DEBUG Horse: Создание Horse, имя [Lobster], скорость [2.8]
2024-12-10 22:37:29,801 DEBUG Horse: Создание Horse, имя [Pegasus], скорость [2.9]
2024-12-10 22:37:29,801 DEBUG Horse: Создание Horse, имя [Cherry], скорость [3.0]
2024-12-10 22:37:29,802 DEBUG Hippodrome: Создание Hippodrome, лошадей [7]
2024-12-10 22:37:29,802 INFO  Main: Начало скачек. Количество участников: 7
2024-12-10 22:37:50,545 INFO  Main: Окончание скачек. Победитель: Cherry
2024-12-10 22:42:01,528 DEBUG Horse: Создание Horse, имя [Bucephalus], скорость [2.4]
2024-12-10 22:42:01,528 DEBUG Horse: Создание Horse, имя [Ace of Spades], скорость [2.5]
2024-12-10 22:42:01,528 DEBUG Horse: Создание Horse, имя [Zephyr], скорость [2.6]
2024-12-10 22:42:01,528 DEBUG Horse: Создание Horse, имя [Blaze], скорость [2.7]
2024-12-10 22:42:01,528 DEBUG Horse: Создание Horse, имя [Lobster], скорость [2.8]
2024-12-10 22:42:01,528 DEBUG Horse: Создание Horse, имя [Pegasus], скорость [2.9]
2024-12-10 22:42:01,528 DEBUG Horse: Создание Horse, имя [Cherry], скорость [3.0]
2024-12-10 22:42:01,559 DEBUG Hippodrome: Создание Hippodrome, лошадей [7]
2024-12-10 22:42:01,559 INFO  Main: Начало скачек. Количество участников: 7
2024-12-10 22:42:22,329 INFO  Main: Окончание скачек. Победитель: Pegasus
